acceleration 1e+99
active_queue 0
actual_position (211.6869077895774, 7.366240462202413, 12.999999999149825, 0.0, 0.0, 0.0, 0.0, 0.0, 0.0)
adaptive_feed_enabled False
ain (0.0, 0.0, 0.0, 0.0, 0.0, 0.0, 0.0, 0.0, 0.0, 0.0, 0.0, 0.0, 0.0, 0.0, 0.0, 0.0, 0.0, 0.0, 0.0, 0.0, 0.0, 0.0, 0.0, 0.0, 0.0, 0.0, 0.0, 0.0, 0.0, 0.0, 0.0, 0.0, 0.0, 0.0, 0.0, 0.0, 0.0, 0.0, 0.0, 0.0, 0.0, 0.0, 0.0, 0.0, 0.0, 0.0, 0.0, 0.0, 0.0, 0.0, 0.0, 0.0, 0.0, 0.0, 0.0, 0.0, 0.0, 0.0, 0.0, 0.0, 0.0, 0.0, 0.0, 0.0)
angular_units 1.0
aout (0.0, 0.0, 0.0, 0.0, 0.0, 0.0, 0.0, 0.0, 0.0, 0.0, 0.0, 0.0, 0.0, 0.0, 0.0, 0.0, 0.0, 0.0, 0.0, 0.0, 0.0, 0.0, 0.0, 0.0, 0.0, 0.0, 0.0, 0.0, 0.0, 0.0, 0.0, 0.0, 0.0, 0.0, 0.0, 0.0, 0.0, 0.0, 0.0, 0.0, 0.0, 0.0, 0.0, 0.0, 0.0, 0.0, 0.0, 0.0, 0.0, 0.0, 0.0, 0.0, 0.0, 0.0, 0.0, 0.0, 0.0, 0.0, 0.0, 0.0, 0.0, 0.0, 0.0, 0.0)
axes 4
axis ({'ferror_current': 0.0, 'max_position_limit': 665.0, 'max_ferror': 1.0, 'inpos': 1, 'ferror_highmark': 0.07496319466496004, 'units': 1.0, 'input': 211.6869077895774, 'min_soft_limit': 0, 'min_hard_limit': 0, 'homing': 0, 'min_ferror': 0.25, 'max_hard_limit': 0, 'output': 211.6869077895774, 'axisType': 1, 'backlash': 0.0, 'fault': 0, 'enabled': 0, 'max_soft_limit': 0, 'override_limits': 0, 'homed': 1, 'min_position_limit': -0.001, 'velocity': 0.0}, {'ferror_current': 0.0, 'max_position_limit': 170.0, 'max_ferror': 1.0, 'inpos': 1, 'ferror_highmark': 0.0749612472068717, 'units': 1.0, 'input': 7.366240462202413, 'min_soft_limit': 0, 'min_hard_limit': 0, 'homing': 0, 'min_ferror': 0.25, 'max_hard_limit': 0, 'output': 7.366240462202413, 'axisType': 1, 'backlash': 0.0, 'fault': 0, 'enabled': 0, 'max_soft_limit': 0, 'override_limits': 0, 'homed': 1, 'min_position_limit': -0.001, 'velocity': 0.0}, {'ferror_current': 2.498001805406602e-16, 'max_position_limit': 57.0, 'max_ferror': 1.0, 'inpos': 1, 'ferror_highmark': 0.024985674799164137, 'units': 1.0, 'input': 12.999999999149825, 'min_soft_limit': 0, 'min_hard_limit': 0, 'homing': 0, 'min_ferror': 0.25, 'max_hard_limit': 0, 'output': 12.999999999149825, 'axisType': 1, 'backlash': 0.0, 'fault': 0, 'enabled': 0, 'max_soft_limit': 0, 'override_limits': 0, 'homed': 1, 'min_position_limit': -0.001, 'velocity': 0.0}, {'ferror_current': 0.0, 'max_position_limit': 9999.0, 'max_ferror': 1.0, 'inpos': 1, 'ferror_highmark': 0.0, 'units': 1.0, 'input': 0.0, 'min_soft_limit': 0, 'min_hard_limit': 0, 'homing': 0, 'min_ferror': 0.25, 'max_hard_limit': 0, 'output': 0.0, 'axisType': 2, 'backlash': 0.0, 'fault': 0, 'enabled': 0, 'max_soft_limit': 0, 'override_limits': 0, 'homed': 1, 'min_position_limit': -9999.0, 'velocity': 0.0}, {'ferror_current': 0.0, 'max_position_limit': 0.0, 'max_ferror': 0.0, 'inpos': 0, 'ferror_highmark': 0.0, 'units': 0.0, 'input': 0.0, 'min_soft_limit': 0, 'min_hard_limit': 0, 'homing': 0, 'min_ferror': 0.0, 'max_hard_limit': 0, 'output': 0.0, 'axisType': 0, 'backlash': 0.0, 'fault': 0, 'enabled': 0, 'max_soft_limit': 0, 'override_limits': 0, 'homed': 0, 'min_position_limit': 0.0, 'velocity': 0.0}, {'ferror_current': 0.0, 'max_position_limit': 0.0, 'max_ferror': 0.0, 'inpos': 0, 'ferror_highmark': 0.0, 'units': 0.0, 'input': 0.0, 'min_soft_limit': 0, 'min_hard_limit': 0, 'homing': 0, 'min_ferror': 0.0, 'max_hard_limit': 0, 'output': 0.0, 'axisType': 0, 'backlash': 0.0, 'fault': 0, 'enabled': 0, 'max_soft_limit': 0, 'override_limits': 0, 'homed': 0, 'min_position_limit': 0.0, 'velocity': 0.0}, {'ferror_current': 0.0, 'max_position_limit': 0.0, 'max_ferror': 0.0, 'inpos': 0, 'ferror_highmark': 0.0, 'units': 0.0, 'input': 0.0, 'min_soft_limit': 0, 'min_hard_limit': 0, 'homing': 0, 'min_ferror': 0.0, 'max_hard_limit': 0, 'output': 0.0, 'axisType': 0, 'backlash': 0.0, 'fault': 0, 'enabled': 0, 'max_soft_limit': 0, 'override_limits': 0, 'homed': 0, 'min_position_limit': 0.0, 'velocity': 0.0}, {'ferror_current': 0.0, 'max_position_limit': 0.0, 'max_ferror': 0.0, 'inpos': 0, 'ferror_highmark': 0.0, 'units': 0.0, 'input': 0.0, 'min_soft_limit': 0, 'min_hard_limit': 0, 'homing': 0, 'min_ferror': 0.0, 'max_hard_limit': 0, 'output': 0.0, 'axisType': 0, 'backlash': 0.0, 'fault': 0, 'enabled': 0, 'max_soft_limit': 0, 'override_limits': 0, 'homed': 0, 'min_position_limit': 0.0, 'velocity': 0.0}, {'ferror_current': 0.0, 'max_position_limit': 0.0, 'max_ferror': 0.0, 'inpos': 0, 'ferror_highmark': 0.0, 'units': 0.0, 'input': 0.0, 'min_soft_limit': 0, 'min_hard_limit': 0, 'homing': 0, 'min_ferror': 0.0, 'max_hard_limit': 0, 'output': 0.0, 'axisType': 0, 'backlash': 0.0, 'fault': 0, 'enabled': 0, 'max_soft_limit': 0, 'override_limits': 0, 'homed': 0, 'min_position_limit': 0.0, 'velocity': 0.0})
axis_mask 15
block_delete True
call_level 0
command 
current_line 0
current_vel 0.0
cycle_time 0.0009995
debug 0
delay_left 0.0
din (0, 0, 0, 0, 0, 0, 0, 0, 0, 0, 0, 0, 0, 0, 0, 0, 0, 0, 0, 0, 0, 0, 0, 0, 0, 0, 0, 0, 0, 0, 0, 0, 0, 0, 0, 0, 0, 0, 0, 0, 0, 0, 0, 0, 0, 0, 0, 0, 0, 0, 0, 0, 0, 0, 0, 0, 0, 0, 0, 0, 0, 0, 0, 0)
distance_to_go 0.0
dout (0, 0, 0, 0, 0, 0, 0, 0, 0, 0, 0, 0, 0, 0, 0, 0, 0, 0, 0, 0, 0, 0, 0, 0, 0, 0, 0, 0, 0, 0, 0, 0, 0, 0, 0, 0, 0, 0, 0, 0, 0, 0, 0, 0, 0, 0, 0, 0, 0, 0, 0, 0, 0, 0, 0, 0, 0, 0, 0, 0, 0, 0, 0, 0)
dtg (0.0, 0.0, 0.0, 0.0, 0.0, 0.0, 0.0, 0.0, 0.0)
echo_serial_number 3361
enabled False
estop 0
exec_state 2
feed_hold_enabled True
feed_override_enabled True
feedrate 1.0
file /usr/share/axis/images/axis.ngc
flood 0
g5x_index 1
g5x_offset (211.6869090841777, 7.366238994478733, 0.0, 0.0, 0.0, 0.0, 0.0, 0.0, 0.0)
g92_offset (0.0, 0.0, 0.0, 0.0, 0.0, 0.0, 0.0, 0.0, 0.0)
gcodes (0, 0, -1, 170, 400, 210, 900, 940, 540, 490, 990, 640, -1, 970, 911, 80)
homed (1, 1, 1, 1, 0, 0, 0, 0, 0)
id 0
inpos True
input_timeout False
interp_state 1
interpreter_errcode 5
joint_actual_position (211.6869077895774, 7.366240462202413, 12.999999999149825, 0.0, 0.0, 0.0, 0.0, 0.0, 0.0)
joint_position (211.6869077895774, 7.366240462202413, 12.999999999149825, 0.0, 0.0, 0.0, 0.0, 0.0, 0.0)
kinematics_type 1
limit (0, 0, 0, 0, 0, 0, 0, 0, 0)
linear_units 1.0
lube 1
lube_level 0
max_acceleration 1e+99
max_velocity 150.0
mcodes (0, -1, 3, -1, 9, -1, 48, -1, 53, 0)
mist 0
motion_line 0
motion_mode 2
motion_type 0
optional_stop True
paused False
pocket_prepped -1
poll <built-in method poll of linuxcnc.stat object at 0x965ae40>
position (211.6869077895774, 7.366240462202413, 12.999999999149825, 0.0, 0.0, 0.0, 0.0, 0.0, 0.0)
probe_tripped False
probe_val 0
probed_position (0.0, 0.0, 0.0, 0.0, 0.0, 0.0, 0.0, 0.0, 0.0)
probing False
program_units 2
queue 0
queue_full False
queued_mdi_commands 0
rapidrate 1.0
read_line 0
rotation_xy 0.09
settings (0.0, 0.0, 0.0)
spindle_brake 1
spindle_direction 0
spindle_enabled 0
spindle_increasing 0
spindle_override_enabled True
spindle_speed 0.0
spindlerate 1.0
state 3
task_mode 3
task_paused 0
task_state 2
tool_in_spindle 0
tool_offset (0.0, 0.0, 0.0, 0.0, 0.0, 0.0, 0.0, 0.0, 0.0)
tool_table (tool_result(id=-1, xoffset=0.0, yoffset=0.0, zoffset=0.0, aoffset=0.0, boffset=0.0, coffset=0.0, uoffset=0.0, voffset=0.0, woffset=0.0, diameter=0.0, frontangle=0.0, backangle=0.0, orientation=0), tool_result(id=1, xoffset=5.983942, yoffset=8.227663, zoffset=0.0, aoffset=0.0, boffset=0.0, coffset=0.0, uoffset=0.0, voffset=0.0, woffset=0.0, diameter=0.125, frontangle=0.0, backangle=0.0, orientation=0), tool_result(id=2, xoffset=0.0, yoffset=0.0, zoffset=0.1, aoffset=0.0, boffset=0.0, coffset=0.0, uoffset=0.0, voffset=0.0, woffset=0.0, diameter=0.0625, frontangle=0.0, backangle=0.0, orientation=0), tool_result(id=3, xoffset=0.0, yoffset=0.0, zoffset=1.273, aoffset=0.0, boffset=0.0, coffset=0.0, uoffset=0.0, voffset=0.0, woffset=0.0, diameter=0.201, frontangle=0.0, backangle=0.0, orientation=0), tool_result(id=99999, xoffset=0.0, yoffset=0.0, zoffset=0.1, aoffset=0.0, boffset=0.0, coffset=0.0, uoffset=0.0, voffset=0.0, woffset=0.0, diameter=0.0, frontangle=0.0, backangle=0.0, orientation=0), tool_result(id=4, xoffset=-0.006626, yoffset=2.218246, zoffset=0.0, aoffset=4.44, boffset=5.55, coffset=6.66, uoffset=7.77, voffset=8.88, woffset=9.99, diameter=10.1, frontangle=11.11, backangle=12.12, orientation=2), tool_result(id=-1, xoffset=0.0, yoffset=0.0, zoffset=0.0, aoffset=0.0, boffset=0.0, coffset=0.0, uoffset=0.0, voffset=0.0, woffset=0.0, diameter=0.0, frontangle=0.0, backangle=0.0, orientation=0), tool_result(id=-1, xoffset=0.0, yoffset=0.0, zoffset=0.0, aoffset=0.0, boffset=0.0, coffset=0.0, uoffset=0.0, voffset=0.0, woffset=0.0, diameter=0.0, frontangle=0.0, backangle=0.0, orientation=0), tool_result(id=-1, xoffset=0.0, yoffset=0.0, zoffset=0.0, aoffset=0.0, boffset=0.0, coffset=0.0, uoffset=0.0, voffset=0.0, woffset=0.0, diameter=0.0, frontangle=0.0, backangle=0.0, orientation=0), tool_result(id=-1, xoffset=0.0, yoffset=0.0, zoffset=0.0, aoffset=0.0, boffset=0.0, coffset=0.0, uoffset=0.0, voffset=0.0, woffset=0.0, diameter=0.0, frontangle=0.0, backangle=0.0, orientation=0), tool_result(id=-1, xoffset=0.0, yoffset=0.0, zoffset=0.0, aoffset=0.0, boffset=0.0, coffset=0.0, uoffset=0.0, voffset=0.0, woffset=0.0, diameter=0.0, frontangle=0.0, backangle=0.0, orientation=0), tool_result(id=-1, xoffset=0.0, yoffset=0.0, zoffset=0.0, aoffset=0.0, boffset=0.0, coffset=0.0, uoffset=0.0, voffset=0.0, woffset=0.0, diameter=0.0, frontangle=0.0, backangle=0.0, orientation=0), tool_result(id=-1, xoffset=0.0, yoffset=0.0, zoffset=0.0, aoffset=0.0, boffset=0.0, coffset=0.0, uoffset=0.0, voffset=0.0, woffset=0.0, diameter=0.0, frontangle=0.0, backangle=0.0, orientation=0), tool_result(id=-1, xoffset=0.0, yoffset=0.0, zoffset=0.0, aoffset=0.0, boffset=0.0, coffset=0.0, uoffset=0.0, voffset=0.0, woffset=0.0, diameter=0.0, frontangle=0.0, backangle=0.0, orientation=0), tool_result(id=-1, xoffset=0.0, yoffset=0.0, zoffset=0.0, aoffset=0.0, boffset=0.0, coffset=0.0, uoffset=0.0, voffset=0.0, woffset=0.0, diameter=0.0, frontangle=0.0, backangle=0.0, orientation=0), tool_result(id=-1, xoffset=0.0, yoffset=0.0, zoffset=0.0, aoffset=0.0, boffset=0.0, coffset=0.0, uoffset=0.0, voffset=0.0, woffset=0.0, diameter=0.0, frontangle=0.0, backangle=0.0, orientation=0), tool_result(id=-1, xoffset=0.0, yoffset=0.0, zoffset=0.0, aoffset=0.0, boffset=0.0, coffset=0.0, uoffset=0.0, voffset=0.0, woffset=0.0, diameter=0.0, frontangle=0.0, backangle=0.0, orientation=0), tool_result(id=-1, xoffset=0.0, yoffset=0.0, zoffset=0.0, aoffset=0.0, boffset=0.0, coffset=0.0, uoffset=0.0, voffset=0.0, woffset=0.0, diameter=0.0, frontangle=0.0, backangle=0.0, orientation=0), tool_result(id=-1, xoffset=0.0, yoffset=0.0, zoffset=0.0, aoffset=0.0, boffset=0.0, coffset=0.0, uoffset=0.0, voffset=0.0, woffset=0.0, diameter=0.0, frontangle=0.0, backangle=0.0, orientation=0), tool_result(id=-1, xoffset=0.0, yoffset=0.0, zoffset=0.0, aoffset=0.0, boffset=0.0, coffset=0.0, uoffset=0.0, voffset=0.0, woffset=0.0, diameter=0.0, frontangle=0.0, backangle=0.0, orientation=0), tool_result(id=-1, xoffset=0.0, yoffset=0.0, zoffset=0.0, aoffset=0.0, boffset=0.0, coffset=0.0, uoffset=0.0, voffset=0.0, woffset=0.0, diameter=0.0, frontangle=0.0, backangle=0.0, orientation=0), tool_result(id=-1, xoffset=0.0, yoffset=0.0, zoffset=0.0, aoffset=0.0, boffset=0.0, coffset=0.0, uoffset=0.0, voffset=0.0, woffset=0.0, diameter=0.0, frontangle=0.0, backangle=0.0, orientation=0), tool_result(id=-1, xoffset=0.0, yoffset=0.0, zoffset=0.0, aoffset=0.0, boffset=0.0, coffset=0.0, uoffset=0.0, voffset=0.0, woffset=0.0, diameter=0.0, frontangle=0.0, backangle=0.0, orientation=0), tool_result(id=-1, xoffset=0.0, yoffset=0.0, zoffset=0.0, aoffset=0.0, boffset=0.0, coffset=0.0, uoffset=0.0, voffset=0.0, woffset=0.0, diameter=0.0, frontangle=0.0, backangle=0.0, orientation=0), tool_result(id=-1, xoffset=0.0, yoffset=0.0, zoffset=0.0, aoffset=0.0, boffset=0.0, coffset=0.0, uoffset=0.0, voffset=0.0, woffset=0.0, diameter=0.0, frontangle=0.0, backangle=0.0, orientation=0), tool_result(id=-1, xoffset=0.0, yoffset=0.0, zoffset=0.0, aoffset=0.0, boffset=0.0, coffset=0.0, uoffset=0.0, voffset=0.0, woffset=0.0, diameter=0.0, frontangle=0.0, backangle=0.0, orientation=0), tool_result(id=-1, xoffset=0.0, yoffset=0.0, zoffset=0.0, aoffset=0.0, boffset=0.0, coffset=0.0, uoffset=0.0, voffset=0.0, woffset=0.0, diameter=0.0, frontangle=0.0, backangle=0.0, orientation=0), tool_result(id=-1, xoffset=0.0, yoffset=0.0, zoffset=0.0, aoffset=0.0, boffset=0.0, coffset=0.0, uoffset=0.0, voffset=0.0, woffset=0.0, diameter=0.0, frontangle=0.0, backangle=0.0, orientation=0), tool_result(id=-1, xoffset=0.0, yoffset=0.0, zoffset=0.0, aoffset=0.0, boffset=0.0, coffset=0.0, uoffset=0.0, voffset=0.0, woffset=0.0, diameter=0.0, frontangle=0.0, backangle=0.0, orientation=0), tool_result(id=-1, xoffset=0.0, yoffset=0.0, zoffset=0.0, aoffset=0.0, boffset=0.0, coffset=0.0, uoffset=0.0, voffset=0.0, woffset=0.0, diameter=0.0, frontangle=0.0, backangle=0.0, orientation=0), tool_result(id=-1, xoffset=0.0, yoffset=0.0, zoffset=0.0, aoffset=0.0, boffset=0.0, coffset=0.0, uoffset=0.0, voffset=0.0, woffset=0.0, diameter=0.0, frontangle=0.0, backangle=0.0, orientation=0), tool_result(id=-1, xoffset=0.0, yoffset=0.0, zoffset=0.0, aoffset=0.0, boffset=0.0, coffset=0.0, uoffset=0.0, voffset=0.0, woffset=0.0, diameter=0.0, frontangle=0.0, backangle=0.0, orientation=0), tool_result(id=-1, xoffset=0.0, yoffset=0.0, zoffset=0.0, aoffset=0.0, boffset=0.0, coffset=0.0, uoffset=0.0, voffset=0.0, woffset=0.0, diameter=0.0, frontangle=0.0, backangle=0.0, orientation=0), tool_result(id=-1, xoffset=0.0, yoffset=0.0, zoffset=0.0, aoffset=0.0, boffset=0.0, coffset=0.0, uoffset=0.0, voffset=0.0, woffset=0.0, diameter=0.0, frontangle=0.0, backangle=0.0, orientation=0), tool_result(id=-1, xoffset=0.0, yoffset=0.0, zoffset=0.0, aoffset=0.0, boffset=0.0, coffset=0.0, uoffset=0.0, voffset=0.0, woffset=0.0, diameter=0.0, frontangle=0.0, backangle=0.0, orientation=0), tool_result(id=-1, xoffset=0.0, yoffset=0.0, zoffset=0.0, aoffset=0.0, boffset=0.0, coffset=0.0, uoffset=0.0, voffset=0.0, woffset=0.0, diameter=0.0, frontangle=0.0, backangle=0.0, orientation=0), tool_result(id=-1, xoffset=0.0, yoffset=0.0, zoffset=0.0, aoffset=0.0, boffset=0.0, coffset=0.0, uoffset=0.0, voffset=0.0, woffset=0.0, diameter=0.0, frontangle=0.0, backangle=0.0, orientation=0), tool_result(id=-1, xoffset=0.0, yoffset=0.0, zoffset=0.0, aoffset=0.0, boffset=0.0, coffset=0.0, uoffset=0.0, voffset=0.0, woffset=0.0, diameter=0.0, frontangle=0.0, backangle=0.0, orientation=0), tool_result(id=-1, xoffset=0.0, yoffset=0.0, zoffset=0.0, aoffset=0.0, boffset=0.0, coffset=0.0, uoffset=0.0, voffset=0.0, woffset=0.0, diameter=0.0, frontangle=0.0, backangle=0.0, orientation=0), tool_result(id=-1, xoffset=0.0, yoffset=0.0, zoffset=0.0, aoffset=0.0, boffset=0.0, coffset=0.0, uoffset=0.0, voffset=0.0, woffset=0.0, diameter=0.0, frontangle=0.0, backangle=0.0, orientation=0), tool_result(id=-1, xoffset=0.0, yoffset=0.0, zoffset=0.0, aoffset=0.0, boffset=0.0, coffset=0.0, uoffset=0.0, voffset=0.0, woffset=0.0, diameter=0.0, frontangle=0.0, backangle=0.0, orientation=0), tool_result(id=-1, xoffset=0.0, yoffset=0.0, zoffset=0.0, aoffset=0.0, boffset=0.0, coffset=0.0, uoffset=0.0, voffset=0.0, woffset=0.0, diameter=0.0, frontangle=0.0, backangle=0.0, orientation=0), tool_result(id=-1, xoffset=0.0, yoffset=0.0, zoffset=0.0, aoffset=0.0, boffset=0.0, coffset=0.0, uoffset=0.0, voffset=0.0, woffset=0.0, diameter=0.0, frontangle=0.0, backangle=0.0, orientation=0), tool_result(id=-1, xoffset=0.0, yoffset=0.0, zoffset=0.0, aoffset=0.0, boffset=0.0, coffset=0.0, uoffset=0.0, voffset=0.0, woffset=0.0, diameter=0.0, frontangle=0.0, backangle=0.0, orientation=0), tool_result(id=-1, xoffset=0.0, yoffset=0.0, zoffset=0.0, aoffset=0.0, boffset=0.0, coffset=0.0, uoffset=0.0, voffset=0.0, woffset=0.0, diameter=0.0, frontangle=0.0, backangle=0.0, orientation=0), tool_result(id=-1, xoffset=0.0, yoffset=0.0, zoffset=0.0, aoffset=0.0, boffset=0.0, coffset=0.0, uoffset=0.0, voffset=0.0, woffset=0.0, diameter=0.0, frontangle=0.0, backangle=0.0, orientation=0), tool_result(id=-1, xoffset=0.0, yoffset=0.0, zoffset=0.0, aoffset=0.0, boffset=0.0, coffset=0.0, uoffset=0.0, voffset=0.0, woffset=0.0, diameter=0.0, frontangle=0.0, backangle=0.0, orientation=0), tool_result(id=-1, xoffset=0.0, yoffset=0.0, zoffset=0.0, aoffset=0.0, boffset=0.0, coffset=0.0, uoffset=0.0, voffset=0.0, woffset=0.0, diameter=0.0, frontangle=0.0, backangle=0.0, orientation=0), tool_result(id=-1, xoffset=0.0, yoffset=0.0, zoffset=0.0, aoffset=0.0, boffset=0.0, coffset=0.0, uoffset=0.0, voffset=0.0, woffset=0.0, diameter=0.0, frontangle=0.0, backangle=0.0, orientation=0), tool_result(id=-1, xoffset=0.0, yoffset=0.0, zoffset=0.0, aoffset=0.0, boffset=0.0, coffset=0.0, uoffset=0.0, voffset=0.0, woffset=0.0, diameter=0.0, frontangle=0.0, backangle=0.0, orientation=0), tool_result(id=-1, xoffset=0.0, yoffset=0.0, zoffset=0.0, aoffset=0.0, boffset=0.0, coffset=0.0, uoffset=0.0, voffset=0.0, woffset=0.0, diameter=0.0, frontangle=0.0, backangle=0.0, orientation=0), tool_result(id=-1, xoffset=0.0, yoffset=0.0, zoffset=0.0, aoffset=0.0, boffset=0.0, coffset=0.0, uoffset=0.0, voffset=0.0, woffset=0.0, diameter=0.0, frontangle=0.0, backangle=0.0, orientation=0), tool_result(id=-1, xoffset=0.0, yoffset=0.0, zoffset=0.0, aoffset=0.0, boffset=0.0, coffset=0.0, uoffset=0.0, voffset=0.0, woffset=0.0, diameter=0.0, frontangle=0.0, backangle=0.0, orientation=0), tool_result(id=-1, xoffset=0.0, yoffset=0.0, zoffset=0.0, aoffset=0.0, boffset=0.0, coffset=0.0, uoffset=0.0, voffset=0.0, woffset=0.0, diameter=0.0, frontangle=0.0, backangle=0.0, orientation=0), tool_result(id=-1, xoffset=0.0, yoffset=0.0, zoffset=0.0, aoffset=0.0, boffset=0.0, coffset=0.0, uoffset=0.0, voffset=0.0, woffset=0.0, diameter=0.0, frontangle=0.0, backangle=0.0, orientation=0), tool_result(id=-1, xoffset=0.0, yoffset=0.0, zoffset=0.0, aoffset=0.0, boffset=0.0, coffset=0.0, uoffset=0.0, voffset=0.0, woffset=0.0, diameter=0.0, frontangle=0.0, backangle=0.0, orientation=0))
velocity 0.0

